\BOOKMARK [1][-]{section.1}{\376\377\000I\000n\000t\000r\000o\000d\000u\000c\000t\000i\000o\000n}{}% 1
\BOOKMARK [1][-]{section.2}{\376\377\000P\000r\000o\000b\000l\000e\000m\000\040\000F\000o\000r\000m\000u\000l\000a\000t\000i\000o\000n}{}% 2
\BOOKMARK [1][-]{section.3}{\376\377\000R\000e\000q\000u\000i\000s\000i\000t\000e\000\040\000K\000n\000o\000w\000l\000e\000d\000g\000e}{}% 3
\BOOKMARK [1][-]{section.4}{\376\377\000C\000o\000n\000c\000e\000p\000t\000u\000a\000l\000\040\000D\000e\000s\000i\000g\000n}{}% 4
\BOOKMARK [2][-]{subsection.4.1}{\376\377\000S\000y\000s\000t\000e\000m\000\040\000O\000v\000e\000r\000v\000i\000e\000w}{section.4}% 5
\BOOKMARK [1][-]{section.5}{\376\377\000D\000e\000s\000i\000g\000n\000\040\000E\000v\000a\000l\000u\000a\000t\000i\000o\000n}{}% 6
\BOOKMARK [2][-]{subsection.5.1}{\376\377\000C\000i\000r\000c\000u\000i\000t\000\040\000D\000e\000s\000i\000g\000n}{section.5}% 7
\BOOKMARK [2][-]{subsection.5.2}{\376\377\000M\000a\000t\000e\000r\000i\000a\000l\000\040\000S\000e\000l\000e\000c\000t\000i\000o\000n}{section.5}% 8
\BOOKMARK [2][-]{subsection.5.3}{\376\377\000T\000r\000a\000n\000s\000m\000i\000s\000s\000i\000o\000n\000\040\000S\000y\000s\000t\000e\000m}{section.5}% 9
\BOOKMARK [2][-]{subsection.5.4}{\376\377\000A\000p\000p\000e\000a\000r\000a\000n\000c\000e}{section.5}% 10
\BOOKMARK [2][-]{subsection.5.5}{\376\377\000S\000o\000l\000u\000t\000i\000o\000n\000\040\000o\000v\000e\000r\000v\000i\000e\000w}{section.5}% 11
\BOOKMARK [1][-]{section.6}{\376\377\000P\000r\000o\000j\000e\000c\000t\000\040\000P\000l\000a\000n\000n\000i\000n\000g}{}% 12
\BOOKMARK [2][-]{subsection.6.1}{\376\377\000G\000a\000n\000t\000t\000\040\000C\000h\000a\000r\000t}{section.6}% 13
\BOOKMARK [2][-]{subsection.6.2}{\376\377\000P\000r\000e\000v\000i\000o\000u\000s\000\040\000W\000o\000r\000k}{section.6}% 14
\BOOKMARK [2][-]{subsection.6.3}{\376\377\000p\000r\000o\000t\000o\000t\000y\000p\000e\000\040\000m\000o\000d\000e\000l\000i\000n\000g}{section.6}% 15
\BOOKMARK [2][-]{subsection.6.4}{\376\377\000P\000r\000o\000j\000e\000c\000t\000\040\000i\000n\000s\000t\000a\000l\000l\000a\000t\000i\000o\000n}{section.6}% 16
\BOOKMARK [2][-]{subsection.6.5}{\376\377\000S\000p\000e\000e\000d\000\040\000a\000n\000d\000\040\000A\000p\000p\000e\000a\000r\000a\000n\000c\000e\000\040\000o\000p\000t\000i\000m\000i\000z\000a\000t\000i\000o\000n}{section.6}% 17
\BOOKMARK [2][-]{subsection.6.6}{\376\377\000P\000r\000o\000j\000e\000c\000t\000\040\000F\000i\000n\000a\000l\000\040\000T\000e\000s\000t}{section.6}% 18
\BOOKMARK [2][-]{subsection.6.7}{\376\377\000R\000i\000s\000k\000\040\000M\000a\000n\000a\000g\000e\000m\000e\000n\000t}{section.6}% 19
\BOOKMARK [2][-]{subsection.6.8}{\376\377\000B\000u\000d\000g\000e\000t}{section.6}% 20
\BOOKMARK [1][-]{section.7}{\376\377\000C\000o\000n\000c\000l\000u\000s\000i\000o\000n}{}% 21
\BOOKMARK [1][-]{section.7}{\376\377\000R\000e\000f\000e\000r\000e\000n\000c\000e\000s}{}% 22
\BOOKMARK [1][-]{section.8}{\376\377\000A\000p\000p\000e\000n\000d\000i\000x}{}% 23
